{
  "RSpec": {
    "coverage": {
      "/Users/joaorsalmeida/workspace/campuscode/treinamentos/mentoria-marcelo/study_guide/app/models/study_item.rb": {
        "lines": [
          1,
          1,
          null
        ]
      },
      "/Users/joaorsalmeida/workspace/campuscode/treinamentos/mentoria-marcelo/study_guide/app/controllers/study_items_controller.rb": {
        "lines": [
          1,
          1,
          null,
          1,
          null,
          null,
          1,
          1,
          1,
          null,
          null,
          null,
          null
        ]
      },
      "/Users/joaorsalmeida/workspace/campuscode/treinamentos/mentoria-marcelo/study_guide/app/controllers/application_controller.rb": {
        "lines": [
          1,
          null,
          null
        ]
      },
      "/Users/joaorsalmeida/workspace/campuscode/treinamentos/mentoria-marcelo/study_guide/app/controllers/pages_controller.rb": {
        "lines": [
          1,
          1,
          9,
          null,
          null
        ]
      },
      "/Users/joaorsalmeida/workspace/campuscode/treinamentos/mentoria-marcelo/study_guide/app/mailers/application_mailer.rb": {
        "lines": [
          0,
          0,
          0,
          0
        ],
        "branches": {
        }
      },
      "/Users/joaorsalmeida/workspace/campuscode/treinamentos/mentoria-marcelo/study_guide/app/models/application_record.rb": {
        "lines": [
          0,
          0,
          0
        ],
        "branches": {
        }
      },
      "/Users/joaorsalmeida/workspace/campuscode/treinamentos/mentoria-marcelo/study_guide/app/models/user.rb": {
        "lines": [
          0,
          null,
          null,
          0,
          0,
          0
        ],
        "branches": {
        }
      },
      "/Users/joaorsalmeida/workspace/campuscode/treinamentos/mentoria-marcelo/study_guide/app/jobs/application_job.rb": {
        "lines": [
          0,
          null,
          null,
          null,
          null,
          null,
          0
        ],
        "branches": {
        }
      },
      "/Users/joaorsalmeida/workspace/campuscode/treinamentos/mentoria-marcelo/study_guide/app/helpers/application_helper.rb": {
        "lines": [
          0,
          0
        ],
        "branches": {
        }
      }
    },
    "timestamp": 1638403847
  }
}
